Arguments: 
  C:\Program Files\nodejs\node.exe C:\Users\trung\AppData\Roaming\npm\node_modules\yarn\bin\yarn.js init

PATH: 
  C:\WINDOWS\system32;C:\WINDOWS;C:\WINDOWS\System32\Wbem;C:\WINDOWS\System32\WindowsPowerShell\v1.0\;C:\Program Files (x86)\ATI Technologies\ATI.ACE\Core-Static;C:\Program Files (x86)\Skype\Phone\;C:\Program Files\Git\cmd;C:\Program Files\nodejs\;C:\Program Files (x86)\Brackets\command;C:\Program Files\MongoDB\Server\3.6\bin;C:\ProgramData\chocolatey\bin;C:\tools\go\bin;C:\Python27;C:\Python27\Lib\site-packages\;C:\Python27\Scripts\;C:\Windows\Microsoft.NET\Framework\v4.0.30319;C:\Windows\Microsoft.NET\Framework64\v4.0.30319;C:\Program Files\Geth;C:\Program Files\PuTTY\;C:\Python27;C:\Program Files (x86)\Windows Kits\10\Windows Performance Toolkit\;C:\WINDOWS\system32\config\systemprofile\.dnx\bin;C:\Program Files\Microsoft DNX\Dnvm\;C:\Program Files\Microsoft SQL Server\130\Tools\Binn\;C:\Users\trung\bin;C:\WINDOWS\system32;C:\WINDOWS;C:\WINDOWS\System32\Wbem;C:\WINDOWS\System32\WindowsPowerShell\v1.0\;C:\Program Files (x86)\ATI Technologies\ATI.ACE\Core-Static;C:\Program Files (x86)\Skype\Phone\;C:\Program Files\Git\cmd;C:\Program Files\nodejs\;C:\Program Files (x86)\Brackets\command;C:\Program Files\Geth;C:\Program Files\MongoDB\Server\3.6\bin;C:\ProgramData\chocolatey\bin;C:\tools\go\bin;C:\Program Files (x86)\Windows Kits\10\Windows Performance Toolkit\;C:\Python27;C:\Python27\Lib\site-packages\;C:\Python27\Scripts\;C:\Windows\Microsoft.NET\Framework\v4.0.30319;C:\Windows\Microsoft.NET\Framework64\v4.0.30319;C:\Users\trung\AppData\Local\Microsoft\WindowsApps;;C:\Program Files (x86)\Microsoft VS Code\bin;C:\Users\trung\AppData\Roaming\npm

Yarn version: 
  1.5.1

Node version: 
  8.5.0

Platform: 
  win32 x64

npm manifest: 
  No manifest

yarn manifest: 
  No manifest

Lockfile: 
  No lockfile

Trace: 
  Error: canceled
      at Interface.<anonymous> (C:\Users\trung\AppData\Roaming\npm\node_modules\yarn\lib\cli.js:128791:13)
      at emitNone (events.js:105:13)
      at Interface.emit (events.js:207:7)
      at Interface._ttyWrite (readline.js:770:16)
      at ReadStream.onkeypress (readline.js:158:10)
      at emitTwo (events.js:125:13)
      at ReadStream.emit (events.js:213:7)
      at emitKeys (internal/readline.js:420:14)
      at emitKeys.next (<anonymous>)
      at ReadStream.onData (readline.js:1007:36)
